Connecting to host 192.168.127.107, port 5201
Reverse mode, remote host 192.168.127.107 is sending
[  5] local 192.168.127.114 port 51512 connected to 192.168.127.107 port 5201
[ ID] Interval           Transfer     Bandwidth
[  5]   0.00-0.50   sec  3.55 MBytes  59.5 Mbits/sec                  
[  5]   0.50-1.00   sec  3.59 MBytes  60.0 Mbits/sec                  
[  5]   1.00-1.50   sec  3.38 MBytes  56.9 Mbits/sec                  
[  5]   1.50-2.00   sec  3.26 MBytes  54.8 Mbits/sec                  
[  5]   2.00-2.50   sec  3.70 MBytes  62.1 Mbits/sec                  
[  5]   2.50-3.00   sec  3.83 MBytes  64.1 Mbits/sec                  
[  5]   3.00-3.50   sec  3.97 MBytes  66.8 Mbits/sec                  
[  5]   3.50-4.00   sec  3.57 MBytes  59.8 Mbits/sec                  
[  5]   4.00-4.50   sec  4.17 MBytes  70.0 Mbits/sec                  
[  5]   4.50-5.00   sec  4.32 MBytes  72.4 Mbits/sec                  
[  5]   5.00-5.50   sec  3.83 MBytes  64.4 Mbits/sec                  
[  5]   5.50-6.00   sec  4.02 MBytes  67.4 Mbits/sec                  
[  5]   6.00-6.50   sec  3.82 MBytes  64.2 Mbits/sec                  
[  5]   6.50-7.00   sec  3.87 MBytes  64.9 Mbits/sec                  
[  5]   7.00-7.50   sec  3.30 MBytes  55.3 Mbits/sec                  
[  5]   7.50-8.00   sec  3.60 MBytes  60.4 Mbits/sec                  
[  5]   8.00-8.50   sec  4.09 MBytes  68.6 Mbits/sec                  
[  5]   8.50-9.00   sec  3.22 MBytes  53.8 Mbits/sec                  
[  5]   9.00-9.50   sec  3.98 MBytes  67.0 Mbits/sec                  
[  5]   9.50-10.00  sec  3.61 MBytes  60.5 Mbits/sec                  
[  5]  10.00-10.50  sec  4.00 MBytes  67.2 Mbits/sec                  
[  5]  10.50-11.00  sec  4.02 MBytes  67.4 Mbits/sec                  
[  5]  11.00-11.50  sec  3.11 MBytes  52.1 Mbits/sec                  
[  5]  11.50-12.00  sec  3.69 MBytes  61.9 Mbits/sec                  
[  5]  12.00-12.50  sec  3.53 MBytes  59.2 Mbits/sec                  
[  5]  12.50-13.00  sec  4.18 MBytes  69.9 Mbits/sec                  
[  5]  13.00-13.50  sec  3.42 MBytes  57.5 Mbits/sec                  
[  5]  13.50-14.00  sec  3.89 MBytes  65.4 Mbits/sec                  
[  5]  14.00-14.50  sec  3.75 MBytes  63.0 Mbits/sec                  
[  5]  14.50-15.00  sec  3.61 MBytes  60.4 Mbits/sec                  
[  5]  15.00-15.50  sec  3.97 MBytes  66.8 Mbits/sec                  
[  5]  15.50-16.00  sec  3.50 MBytes  58.7 Mbits/sec                  
[  5]  16.00-16.50  sec  4.08 MBytes  68.4 Mbits/sec                  
[  5]  16.50-17.00  sec  3.91 MBytes  65.6 Mbits/sec                  
[  5]  17.00-17.50  sec  4.04 MBytes  67.7 Mbits/sec                  
[  5]  17.50-18.00  sec  4.16 MBytes  69.8 Mbits/sec                  
[  5]  18.00-18.50  sec  4.44 MBytes  74.4 Mbits/sec                  
[  5]  18.50-19.00  sec  4.41 MBytes  74.1 Mbits/sec                  
[  5]  19.00-19.50  sec  4.60 MBytes  77.1 Mbits/sec                  
[  5]  19.50-20.00  sec  4.30 MBytes  72.1 Mbits/sec                  
[  5]  20.00-20.50  sec  4.31 MBytes  72.4 Mbits/sec                  
[  5]  20.50-21.00  sec  4.14 MBytes  69.5 Mbits/sec                  
[  5]  21.00-21.50  sec  3.76 MBytes  62.9 Mbits/sec                  
[  5]  21.50-22.00  sec  4.35 MBytes  73.1 Mbits/sec                  
[  5]  22.00-22.50  sec  3.49 MBytes  58.7 Mbits/sec                  
[  5]  22.50-23.00  sec  3.89 MBytes  65.3 Mbits/sec                  
[  5]  23.00-23.50  sec  4.28 MBytes  71.9 Mbits/sec                  
[  5]  23.50-24.00  sec  3.92 MBytes  65.5 Mbits/sec                  
[  5]  24.00-24.50  sec  3.73 MBytes  62.9 Mbits/sec                  
[  5]  24.50-25.01  sec  3.99 MBytes  65.4 Mbits/sec                  
[  5]  25.01-25.50  sec  4.09 MBytes  70.2 Mbits/sec                  
[  5]  25.50-26.00  sec  3.61 MBytes  60.7 Mbits/sec                  
[  5]  26.00-26.50  sec  4.49 MBytes  75.3 Mbits/sec                  
[  5]  26.50-27.00  sec  4.16 MBytes  69.8 Mbits/sec                  
[  5]  27.00-27.50  sec  4.14 MBytes  69.5 Mbits/sec                  
[  5]  27.50-28.00  sec  3.71 MBytes  62.2 Mbits/sec                  
[  5]  28.00-28.50  sec  4.40 MBytes  73.7 Mbits/sec                  
[  5]  28.50-29.00  sec  4.43 MBytes  74.4 Mbits/sec                  
[  5]  29.00-29.50  sec  3.97 MBytes  66.5 Mbits/sec                  
[  5]  29.50-30.00  sec  4.43 MBytes  74.1 Mbits/sec                  
[  5]  30.00-30.50  sec  4.27 MBytes  71.9 Mbits/sec                  
[  5]  30.50-31.00  sec  4.02 MBytes  67.4 Mbits/sec                  
[  5]  31.00-31.50  sec  4.35 MBytes  73.0 Mbits/sec                  
[  5]  31.50-32.00  sec  4.30 MBytes  72.1 Mbits/sec                  
[  5]  32.00-32.50  sec  4.64 MBytes  77.9 Mbits/sec                  
[  5]  32.50-33.00  sec  3.91 MBytes  65.6 Mbits/sec                  
[  5]  33.00-33.50  sec  4.10 MBytes  68.6 Mbits/sec                  
[  5]  33.50-34.00  sec  4.16 MBytes  69.9 Mbits/sec                  
[  5]  34.00-34.50  sec  3.88 MBytes  65.2 Mbits/sec                  
[  5]  34.50-35.00  sec  4.00 MBytes  67.2 Mbits/sec                  
[  5]  35.00-35.50  sec  3.90 MBytes  65.4 Mbits/sec                  
[  5]  35.50-36.00  sec  3.86 MBytes  64.7 Mbits/sec                  
[  5]  36.00-36.50  sec  4.29 MBytes  72.2 Mbits/sec                  
[  5]  36.50-37.00  sec  3.97 MBytes  66.6 Mbits/sec                  
[  5]  37.00-37.50  sec  4.21 MBytes  70.7 Mbits/sec                  
[  5]  37.50-38.00  sec  4.11 MBytes  68.8 Mbits/sec                  
[  5]  38.00-38.50  sec  3.81 MBytes  64.0 Mbits/sec                  
[  5]  38.50-39.00  sec  3.56 MBytes  59.7 Mbits/sec                  
[  5]  39.00-39.50  sec  4.25 MBytes  71.2 Mbits/sec                  
[  5]  39.50-40.00  sec  4.12 MBytes  69.1 Mbits/sec                  
[  5]  40.00-40.50  sec  4.32 MBytes  72.4 Mbits/sec                  
[  5]  40.50-41.00  sec  3.64 MBytes  61.1 Mbits/sec                  
[  5]  41.00-41.50  sec  4.23 MBytes  70.8 Mbits/sec                  
[  5]  41.50-42.00  sec  3.82 MBytes  64.2 Mbits/sec                  
[  5]  42.00-42.50  sec  3.57 MBytes  59.9 Mbits/sec                  
[  5]  42.50-43.00  sec  3.75 MBytes  62.6 Mbits/sec                  
[  5]  43.00-43.50  sec  4.03 MBytes  67.8 Mbits/sec                  
[  5]  43.50-44.00  sec  4.08 MBytes  68.5 Mbits/sec                  
[  5]  44.00-44.50  sec  3.80 MBytes  63.8 Mbits/sec                  
[  5]  44.50-45.00  sec  4.35 MBytes  73.0 Mbits/sec                  
[  5]  45.00-45.50  sec  4.31 MBytes  72.4 Mbits/sec                  
[  5]  45.50-46.00  sec  4.25 MBytes  71.2 Mbits/sec                  
[  5]  46.00-46.50  sec  4.22 MBytes  70.8 Mbits/sec                  
[  5]  46.50-47.00  sec  3.91 MBytes  65.6 Mbits/sec                  
[  5]  47.00-47.50  sec  3.83 MBytes  64.3 Mbits/sec                  
[  5]  47.50-48.00  sec  3.84 MBytes  64.5 Mbits/sec                  
[  5]  48.00-48.50  sec  4.31 MBytes  72.2 Mbits/sec                  
[  5]  48.50-49.00  sec  4.15 MBytes  69.5 Mbits/sec                  
[  5]  49.00-49.50  sec  3.65 MBytes  61.3 Mbits/sec                  
[  5]  49.50-50.00  sec  3.75 MBytes  62.9 Mbits/sec                  
[  5]  50.00-50.50  sec  4.08 MBytes  68.5 Mbits/sec                  
[  5]  50.50-51.00  sec  4.28 MBytes  71.7 Mbits/sec                  
[  5]  51.00-51.50  sec  4.28 MBytes  71.8 Mbits/sec                  
[  5]  51.50-52.00  sec  4.06 MBytes  68.1 Mbits/sec                  
[  5]  52.00-52.50  sec  3.94 MBytes  66.1 Mbits/sec                  
[  5]  52.50-53.00  sec  4.38 MBytes  73.6 Mbits/sec                  
[  5]  53.00-53.50  sec  3.90 MBytes  65.4 Mbits/sec                  
[  5]  53.50-54.00  sec  4.23 MBytes  71.0 Mbits/sec                  
[  5]  54.00-54.50  sec  4.28 MBytes  71.9 Mbits/sec                  
[  5]  54.50-55.00  sec  4.09 MBytes  68.6 Mbits/sec                  
[  5]  55.00-55.50  sec  4.27 MBytes  71.6 Mbits/sec                  
[  5]  55.50-56.00  sec  3.86 MBytes  64.7 Mbits/sec                  
[  5]  56.00-56.50  sec  3.65 MBytes  61.3 Mbits/sec                  
[  5]  56.50-57.00  sec  4.01 MBytes  67.4 Mbits/sec                  
[  5]  57.00-57.50  sec  4.04 MBytes  67.8 Mbits/sec                  
[  5]  57.50-58.00  sec  3.80 MBytes  63.8 Mbits/sec                  
[  5]  58.00-58.50  sec  3.74 MBytes  62.8 Mbits/sec                  
[  5]  58.50-59.00  sec  3.57 MBytes  59.9 Mbits/sec                  
[  5]  59.00-59.50  sec  4.14 MBytes  69.4 Mbits/sec                  
[  5]  59.50-60.00  sec  4.14 MBytes  69.5 Mbits/sec                  
[  5]  60.00-60.50  sec  4.07 MBytes  68.3 Mbits/sec                  
[  5]  60.50-61.00  sec  4.18 MBytes  69.9 Mbits/sec                  
[  5]  61.00-61.50  sec  3.89 MBytes  65.4 Mbits/sec                  
[  5]  61.50-62.00  sec  4.38 MBytes  73.4 Mbits/sec                  
[  5]  62.00-62.50  sec  4.07 MBytes  68.2 Mbits/sec                  
[  5]  62.50-63.00  sec  3.96 MBytes  66.4 Mbits/sec                  
[  5]  63.00-63.50  sec  3.87 MBytes  64.8 Mbits/sec                  
[  5]  63.50-64.00  sec  3.61 MBytes  60.6 Mbits/sec                  
[  5]  64.00-64.50  sec  3.81 MBytes  63.9 Mbits/sec                  
[  5]  64.50-65.00  sec  4.15 MBytes  69.6 Mbits/sec                  
[  5]  65.00-65.50  sec  3.84 MBytes  64.1 Mbits/sec                  
[  5]  65.50-66.00  sec  3.98 MBytes  67.1 Mbits/sec                  
[  5]  66.00-66.50  sec  3.16 MBytes  53.0 Mbits/sec                  
[  5]  66.50-67.00  sec  3.89 MBytes  65.3 Mbits/sec                  
[  5]  67.00-67.50  sec  3.60 MBytes  60.3 Mbits/sec                  
[  5]  67.50-68.00  sec  3.77 MBytes  63.3 Mbits/sec                  
[  5]  68.00-68.50  sec  3.64 MBytes  61.0 Mbits/sec                  
[  5]  68.50-69.00  sec  4.16 MBytes  69.8 Mbits/sec                  
[  5]  69.00-69.50  sec  4.28 MBytes  71.8 Mbits/sec                  
[  5]  69.50-70.00  sec  4.41 MBytes  74.0 Mbits/sec                  
[  5]  70.00-70.50  sec  4.20 MBytes  70.4 Mbits/sec                  
[  5]  70.50-71.00  sec  3.99 MBytes  66.9 Mbits/sec                  
[  5]  71.00-71.50  sec  4.12 MBytes  69.3 Mbits/sec                  
[  5]  71.50-72.00  sec  4.12 MBytes  69.2 Mbits/sec                  
[  5]  72.00-72.50  sec  3.82 MBytes  63.9 Mbits/sec                  
[  5]  72.50-73.00  sec  4.17 MBytes  70.1 Mbits/sec                  
[  5]  73.00-73.50  sec  4.08 MBytes  68.4 Mbits/sec                  
[  5]  73.50-74.00  sec  3.69 MBytes  61.9 Mbits/sec                  
[  5]  74.00-74.50  sec  3.92 MBytes  65.7 Mbits/sec                  
[  5]  74.50-75.00  sec  3.88 MBytes  65.1 Mbits/sec                  
[  5]  75.00-75.50  sec  3.37 MBytes  56.5 Mbits/sec                  
[  5]  75.50-76.00  sec  3.95 MBytes  66.2 Mbits/sec                  
[  5]  76.00-76.50  sec  4.33 MBytes  72.8 Mbits/sec                  
[  5]  76.50-77.00  sec  3.45 MBytes  57.8 Mbits/sec                  
[  5]  77.00-77.50  sec  3.50 MBytes  58.7 Mbits/sec                  
[  5]  77.50-78.00  sec  4.23 MBytes  71.0 Mbits/sec                  
[  5]  78.00-78.50  sec  3.34 MBytes  56.2 Mbits/sec                  
[  5]  78.50-79.00  sec  3.61 MBytes  60.5 Mbits/sec                  
[  5]  79.00-79.50  sec  4.27 MBytes  71.5 Mbits/sec                  
[  5]  79.50-80.00  sec  3.78 MBytes  63.5 Mbits/sec                  
[  5]  80.00-80.50  sec  3.75 MBytes  63.0 Mbits/sec                  
[  5]  80.50-81.00  sec  3.82 MBytes  64.1 Mbits/sec                  
[  5]  81.00-81.50  sec  4.24 MBytes  71.0 Mbits/sec                  
[  5]  81.50-82.00  sec  3.82 MBytes  64.1 Mbits/sec                  
[  5]  82.00-82.50  sec  4.34 MBytes  72.9 Mbits/sec                  
[  5]  82.50-83.00  sec  3.82 MBytes  64.0 Mbits/sec                  
[  5]  83.00-83.50  sec  4.34 MBytes  72.9 Mbits/sec                  
[  5]  83.50-84.00  sec  4.39 MBytes  73.8 Mbits/sec                  
[  5]  84.00-84.50  sec  3.71 MBytes  62.2 Mbits/sec                  
[  5]  84.50-85.00  sec  4.05 MBytes  67.9 Mbits/sec                  
[  5]  85.00-85.50  sec  3.60 MBytes  60.3 Mbits/sec                  
[  5]  85.50-86.00  sec  3.91 MBytes  65.7 Mbits/sec                  
[  5]  86.00-86.50  sec  3.90 MBytes  65.4 Mbits/sec                  
[  5]  86.50-87.00  sec  4.27 MBytes  71.6 Mbits/sec                  
[  5]  87.00-87.50  sec  4.07 MBytes  68.4 Mbits/sec                  
[  5]  87.50-88.00  sec  3.46 MBytes  57.9 Mbits/sec                  
[  5]  88.00-88.50  sec  3.69 MBytes  62.0 Mbits/sec                  
[  5]  88.50-89.00  sec  3.64 MBytes  61.1 Mbits/sec                  
[  5]  89.00-89.50  sec  4.09 MBytes  68.5 Mbits/sec                  
[  5]  89.50-90.00  sec  3.63 MBytes  61.0 Mbits/sec                  
[  5]  90.00-90.50  sec  3.57 MBytes  59.9 Mbits/sec                  
[  5]  90.50-91.00  sec  3.16 MBytes  53.1 Mbits/sec                  
[  5]  91.00-91.50  sec  4.13 MBytes  69.3 Mbits/sec                  
[  5]  91.50-92.00  sec  3.63 MBytes  60.9 Mbits/sec                  
[  5]  92.00-92.50  sec  3.68 MBytes  61.6 Mbits/sec                  
[  5]  92.50-93.00  sec  3.68 MBytes  61.8 Mbits/sec                  
[  5]  93.00-93.50  sec  3.45 MBytes  57.9 Mbits/sec                  
[  5]  93.50-94.00  sec  4.50 MBytes  75.5 Mbits/sec                  
[  5]  94.00-94.50  sec  3.68 MBytes  61.7 Mbits/sec                  
[  5]  94.50-95.00  sec  4.03 MBytes  67.5 Mbits/sec                  
[  5]  95.00-95.50  sec  4.48 MBytes  75.2 Mbits/sec                  
[  5]  95.50-96.00  sec  4.23 MBytes  71.0 Mbits/sec                  
[  5]  96.00-96.50  sec  4.20 MBytes  70.4 Mbits/sec                  
[  5]  96.50-97.00  sec  4.07 MBytes  68.4 Mbits/sec                  
[  5]  97.00-97.50  sec  4.51 MBytes  75.7 Mbits/sec                  
[  5]  97.50-98.00  sec  4.25 MBytes  71.3 Mbits/sec                  
[  5]  98.00-98.50  sec  2.72 MBytes  45.6 Mbits/sec                  
[  5]  98.50-99.00  sec  4.18 MBytes  70.2 Mbits/sec                  
[  5]  99.00-99.50  sec  4.05 MBytes  68.0 Mbits/sec                  
[  5]  99.50-100.00 sec  3.72 MBytes  62.4 Mbits/sec                  
[  5] 100.00-100.50 sec  3.58 MBytes  60.0 Mbits/sec                  
[  5] 100.50-101.00 sec  3.72 MBytes  62.6 Mbits/sec                  
[  5] 101.00-101.50 sec  4.12 MBytes  69.0 Mbits/sec                  
[  5] 101.50-102.00 sec  4.23 MBytes  71.0 Mbits/sec                  
[  5] 102.00-102.50 sec  4.04 MBytes  67.7 Mbits/sec                  
[  5] 102.50-103.00 sec  3.99 MBytes  67.0 Mbits/sec                  
[  5] 103.00-103.50 sec  3.31 MBytes  55.5 Mbits/sec                  
[  5] 103.50-104.00 sec  3.48 MBytes  58.4 Mbits/sec                  
[  5] 104.00-104.50 sec  3.98 MBytes  66.7 Mbits/sec                  
[  5] 104.50-105.00 sec  4.17 MBytes  70.0 Mbits/sec                  
[  5] 105.00-105.50 sec  4.58 MBytes  76.8 Mbits/sec                  
[  5] 105.50-106.00 sec  3.86 MBytes  64.8 Mbits/sec                  
[  5] 106.00-106.50 sec  4.50 MBytes  75.6 Mbits/sec                  
[  5] 106.50-107.00 sec  3.97 MBytes  66.5 Mbits/sec                  
[  5] 107.00-107.50 sec  3.82 MBytes  64.0 Mbits/sec                  
[  5] 107.50-108.00 sec  4.14 MBytes  69.6 Mbits/sec                  
[  5] 108.00-108.50 sec  4.15 MBytes  69.7 Mbits/sec                  
[  5] 108.50-109.00 sec  4.35 MBytes  72.9 Mbits/sec                  
[  5] 109.00-109.50 sec  4.10 MBytes  68.7 Mbits/sec                  
[  5] 109.50-110.00 sec  4.25 MBytes  71.3 Mbits/sec                  
[  5] 110.00-110.50 sec  4.32 MBytes  72.2 Mbits/sec                  
[  5] 110.50-111.00 sec  4.27 MBytes  71.7 Mbits/sec                  
[  5] 111.00-111.50 sec  3.74 MBytes  62.8 Mbits/sec                  
[  5] 111.50-112.00 sec  4.17 MBytes  70.0 Mbits/sec                  
[  5] 112.00-112.50 sec  3.64 MBytes  61.0 Mbits/sec                  
[  5] 112.50-113.00 sec  3.27 MBytes  54.7 Mbits/sec                  
[  5] 113.00-113.50 sec  3.49 MBytes  58.8 Mbits/sec                  
[  5] 113.50-114.00 sec  3.29 MBytes  55.2 Mbits/sec                  
[  5] 114.00-114.50 sec  3.35 MBytes  56.1 Mbits/sec                  
[  5] 114.50-115.00 sec  3.52 MBytes  59.1 Mbits/sec                  
[  5] 115.00-115.50 sec  3.66 MBytes  61.4 Mbits/sec                  
[  5] 115.50-116.00 sec  3.68 MBytes  61.7 Mbits/sec                  
[  5] 116.00-116.50 sec  2.93 MBytes  49.0 Mbits/sec                  
[  5] 116.50-117.00 sec  3.86 MBytes  64.9 Mbits/sec                  
[  5] 117.00-117.50 sec  4.02 MBytes  67.5 Mbits/sec                  
[  5] 117.50-118.00 sec  4.18 MBytes  70.1 Mbits/sec                  
[  5] 118.00-118.50 sec  4.16 MBytes  69.9 Mbits/sec                  
[  5] 118.50-119.00 sec  4.08 MBytes  68.6 Mbits/sec                  
[  5] 119.00-119.50 sec  4.56 MBytes  76.5 Mbits/sec                  
[  5] 119.50-120.00 sec  4.44 MBytes  74.5 Mbits/sec                  
[  5] 120.00-120.50 sec  3.73 MBytes  62.6 Mbits/sec                  
[  5] 120.50-121.00 sec  4.09 MBytes  68.7 Mbits/sec                  
[  5] 121.00-121.50 sec  3.61 MBytes  60.5 Mbits/sec                  
[  5] 121.50-122.00 sec  3.81 MBytes  63.9 Mbits/sec                  
[  5] 122.00-122.50 sec  4.32 MBytes  72.4 Mbits/sec                  
[  5] 122.50-123.00 sec  3.71 MBytes  62.3 Mbits/sec                  
[  5] 123.00-123.50 sec  4.18 MBytes  70.2 Mbits/sec                  
[  5] 123.50-124.00 sec  4.23 MBytes  71.0 Mbits/sec                  
[  5] 124.00-124.50 sec  4.04 MBytes  67.6 Mbits/sec                  
[  5] 124.50-125.00 sec  4.23 MBytes  71.1 Mbits/sec                  
[  5] 125.00-125.50 sec  3.97 MBytes  66.5 Mbits/sec                  
[  5] 125.50-126.00 sec  4.09 MBytes  68.7 Mbits/sec                  
[  5] 126.00-126.50 sec  4.05 MBytes  68.1 Mbits/sec                  
[  5] 126.50-127.00 sec  4.56 MBytes  76.4 Mbits/sec                  
[  5] 127.00-127.50 sec  4.31 MBytes  72.5 Mbits/sec                  
[  5] 127.50-128.00 sec  3.93 MBytes  66.0 Mbits/sec                  
[  5] 128.00-128.50 sec  3.98 MBytes  66.8 Mbits/sec                  
[  5] 128.50-129.00 sec  4.47 MBytes  74.9 Mbits/sec                  
[  5] 129.00-129.50 sec  4.01 MBytes  67.4 Mbits/sec                  
[  5] 129.50-130.00 sec  4.01 MBytes  67.1 Mbits/sec                  
[  5] 130.00-130.50 sec  4.25 MBytes  71.3 Mbits/sec                  
[  5] 130.50-131.00 sec  4.54 MBytes  76.2 Mbits/sec                  
[  5] 131.00-131.50 sec  4.41 MBytes  74.0 Mbits/sec                  
[  5] 131.50-132.00 sec  3.93 MBytes  65.9 Mbits/sec                  
[  5] 132.00-132.50 sec  4.22 MBytes  70.8 Mbits/sec                  
[  5] 132.50-133.00 sec  3.47 MBytes  58.1 Mbits/sec                  
[  5] 133.00-133.50 sec  4.10 MBytes  68.8 Mbits/sec                  
[  5] 133.50-134.00 sec  4.20 MBytes  70.4 Mbits/sec                  
[  5] 134.00-134.50 sec  4.12 MBytes  69.2 Mbits/sec                  
[  5] 134.50-135.00 sec  4.11 MBytes  69.0 Mbits/sec                  
[  5] 135.00-135.50 sec  3.75 MBytes  62.9 Mbits/sec                  
[  5] 135.50-136.00 sec  3.96 MBytes  66.5 Mbits/sec                  
[  5] 136.00-136.50 sec  4.17 MBytes  69.8 Mbits/sec                  
[  5] 136.50-137.00 sec  3.57 MBytes  59.9 Mbits/sec                  
[  5] 137.00-137.50 sec  4.13 MBytes  69.4 Mbits/sec                  
[  5] 137.50-138.00 sec  3.68 MBytes  61.6 Mbits/sec                  
[  5] 138.00-138.50 sec  4.09 MBytes  68.7 Mbits/sec                  
[  5] 138.50-139.00 sec  3.98 MBytes  66.7 Mbits/sec                  
[  5] 139.00-139.50 sec  3.75 MBytes  62.9 Mbits/sec                  
[  5] 139.50-140.00 sec  4.22 MBytes  70.8 Mbits/sec                  
[  5] 140.00-140.50 sec  3.86 MBytes  64.9 Mbits/sec                  
[  5] 140.50-141.00 sec  3.55 MBytes  59.5 Mbits/sec                  
[  5] 141.00-141.50 sec  3.76 MBytes  63.1 Mbits/sec                  
[  5] 141.50-142.00 sec  4.09 MBytes  68.6 Mbits/sec                  
[  5] 142.00-142.50 sec  4.00 MBytes  67.1 Mbits/sec                  
[  5] 142.50-143.00 sec  3.80 MBytes  63.7 Mbits/sec                  
[  5] 143.00-143.50 sec  4.26 MBytes  71.6 Mbits/sec                  
[  5] 143.50-144.00 sec  4.13 MBytes  69.2 Mbits/sec                  
[  5] 144.00-144.50 sec  3.47 MBytes  58.3 Mbits/sec                  
[  5] 144.50-145.00 sec  4.17 MBytes  69.8 Mbits/sec                  
[  5] 145.00-145.50 sec  4.03 MBytes  67.7 Mbits/sec                  
[  5] 145.50-146.00 sec  3.83 MBytes  64.3 Mbits/sec                  
[  5] 146.00-146.50 sec  4.43 MBytes  74.4 Mbits/sec                  
[  5] 146.50-147.00 sec  4.10 MBytes  68.7 Mbits/sec                  
[  5] 147.00-147.50 sec  3.32 MBytes  55.7 Mbits/sec                  
[  5] 147.50-148.00 sec  3.99 MBytes  67.1 Mbits/sec                  
[  5] 148.00-148.50 sec  3.70 MBytes  62.0 Mbits/sec                  
[  5] 148.50-149.00 sec  4.17 MBytes  69.9 Mbits/sec                  
[  5] 149.00-149.50 sec  4.05 MBytes  68.1 Mbits/sec                  
[  5] 149.50-150.00 sec  4.16 MBytes  69.6 Mbits/sec                  
[  5] 150.00-150.50 sec  3.61 MBytes  60.6 Mbits/sec                  
[  5] 150.50-151.00 sec  3.66 MBytes  61.5 Mbits/sec                  
[  5] 151.00-151.50 sec  4.36 MBytes  73.1 Mbits/sec                  
[  5] 151.50-152.00 sec  4.23 MBytes  70.9 Mbits/sec                  
[  5] 152.00-152.50 sec  4.52 MBytes  75.9 Mbits/sec                  
[  5] 152.50-153.00 sec  4.20 MBytes  70.6 Mbits/sec                  
[  5] 153.00-153.50 sec  3.75 MBytes  62.9 Mbits/sec                  
[  5] 153.50-154.00 sec  3.90 MBytes  65.3 Mbits/sec                  
[  5] 154.00-154.50 sec  4.04 MBytes  67.7 Mbits/sec                  
[  5] 154.50-155.00 sec  3.83 MBytes  64.3 Mbits/sec                  
[  5] 155.00-155.50 sec  4.13 MBytes  69.3 Mbits/sec                  
[  5] 155.50-156.00 sec  4.09 MBytes  68.7 Mbits/sec                  
[  5] 156.00-156.50 sec  3.47 MBytes  58.2 Mbits/sec                  
[  5] 156.50-157.00 sec  4.19 MBytes  70.4 Mbits/sec                  
[  5] 157.00-157.50 sec  4.25 MBytes  71.2 Mbits/sec                  
[  5] 157.50-158.00 sec  4.21 MBytes  70.7 Mbits/sec                  
[  5] 158.00-158.50 sec  3.58 MBytes  59.9 Mbits/sec                  
[  5] 158.50-159.00 sec  4.02 MBytes  67.4 Mbits/sec                  
[  5] 159.00-159.50 sec  4.26 MBytes  71.6 Mbits/sec                  
[  5] 159.50-160.00 sec  3.58 MBytes  60.1 Mbits/sec                  
[  5] 160.00-160.50 sec  3.98 MBytes  66.7 Mbits/sec                  
[  5] 160.50-161.00 sec  3.63 MBytes  60.9 Mbits/sec                  
[  5] 161.00-161.50 sec  4.11 MBytes  68.9 Mbits/sec                  
[  5] 161.50-162.00 sec  3.85 MBytes  64.7 Mbits/sec                  
[  5] 162.00-162.50 sec  3.82 MBytes  64.1 Mbits/sec                  
[  5] 162.50-163.00 sec  4.32 MBytes  72.6 Mbits/sec                  
[  5] 163.00-163.50 sec  3.88 MBytes  65.1 Mbits/sec                  
[  5] 163.50-164.00 sec  3.89 MBytes  65.1 Mbits/sec                  
[  5] 164.00-164.50 sec  3.67 MBytes  61.7 Mbits/sec                  
[  5] 164.50-165.00 sec  3.48 MBytes  58.4 Mbits/sec                  
[  5] 165.00-165.50 sec  3.49 MBytes  58.6 Mbits/sec                  
[  5] 165.50-166.00 sec  3.47 MBytes  58.2 Mbits/sec                  
[  5] 166.00-166.50 sec  4.20 MBytes  70.5 Mbits/sec                  
[  5] 166.50-167.00 sec  3.52 MBytes  59.0 Mbits/sec                  
[  5] 167.00-167.50 sec  3.73 MBytes  62.7 Mbits/sec                  
[  5] 167.50-168.00 sec  3.92 MBytes  65.6 Mbits/sec                  
[  5] 168.00-168.50 sec  4.34 MBytes  73.0 Mbits/sec                  
[  5] 168.50-169.00 sec  3.46 MBytes  58.1 Mbits/sec                  
[  5] 169.00-169.50 sec  3.61 MBytes  60.6 Mbits/sec                  
[  5] 169.50-170.00 sec  3.98 MBytes  66.7 Mbits/sec                  
[  5] 170.00-170.50 sec  4.20 MBytes  70.5 Mbits/sec                  
[  5] 170.50-171.00 sec  4.41 MBytes  73.9 Mbits/sec                  
[  5] 171.00-171.50 sec  3.91 MBytes  65.6 Mbits/sec                  
[  5] 171.50-172.00 sec  4.36 MBytes  73.0 Mbits/sec                  
[  5] 172.00-172.50 sec  4.21 MBytes  70.7 Mbits/sec                  
[  5] 172.50-173.00 sec  3.91 MBytes  65.6 Mbits/sec                  
[  5] 173.00-173.50 sec  4.27 MBytes  71.7 Mbits/sec                  
[  5] 173.50-174.00 sec  3.86 MBytes  64.6 Mbits/sec                  
[  5] 174.00-174.50 sec  4.46 MBytes  74.8 Mbits/sec                  
[  5] 174.50-175.00 sec  4.41 MBytes  74.0 Mbits/sec                  
[  5] 175.00-175.50 sec  3.87 MBytes  64.9 Mbits/sec                  
[  5] 175.50-176.00 sec  4.37 MBytes  73.3 Mbits/sec                  
[  5] 176.00-176.50 sec  3.29 MBytes  55.1 Mbits/sec                  
[  5] 176.50-177.00 sec  3.76 MBytes  63.2 Mbits/sec                  
[  5] 177.00-177.50 sec  4.38 MBytes  73.4 Mbits/sec                  
[  5] 177.50-178.00 sec  3.74 MBytes  62.7 Mbits/sec                  
[  5] 178.00-178.50 sec  4.24 MBytes  71.0 Mbits/sec                  
[  5] 178.50-179.00 sec  3.82 MBytes  64.1 Mbits/sec                  
[  5] 179.00-179.50 sec  4.53 MBytes  75.9 Mbits/sec                  
[  5] 179.50-180.00 sec  3.79 MBytes  63.6 Mbits/sec                  
[  5] 180.00-180.50 sec  3.73 MBytes  62.7 Mbits/sec                  
[  5] 180.50-181.00 sec  3.89 MBytes  65.2 Mbits/sec                  
[  5] 181.00-181.50 sec  3.95 MBytes  66.2 Mbits/sec                  
[  5] 181.50-182.00 sec  4.13 MBytes  69.3 Mbits/sec                  
[  5] 182.00-182.50 sec  3.96 MBytes  66.5 Mbits/sec                  
[  5] 182.50-183.00 sec  4.08 MBytes  68.4 Mbits/sec                  
[  5] 183.00-183.50 sec  4.41 MBytes  73.8 Mbits/sec                  
[  5] 183.50-184.00 sec  4.21 MBytes  70.8 Mbits/sec                  
[  5] 184.00-184.50 sec  4.17 MBytes  70.0 Mbits/sec                  
[  5] 184.50-185.00 sec  3.78 MBytes  63.3 Mbits/sec                  
[  5] 185.00-185.50 sec  3.91 MBytes  65.6 Mbits/sec                  
[  5] 185.50-186.00 sec  4.29 MBytes  72.0 Mbits/sec                  
[  5] 186.00-186.50 sec  4.12 MBytes  69.0 Mbits/sec                  
[  5] 186.50-187.00 sec  3.94 MBytes  66.2 Mbits/sec                  
[  5] 187.00-187.50 sec  3.66 MBytes  61.3 Mbits/sec                  
[  5] 187.50-188.00 sec  3.17 MBytes  53.3 Mbits/sec                  
[  5] 188.00-188.50 sec  3.46 MBytes  58.0 Mbits/sec                  
[  5] 188.50-189.00 sec  4.04 MBytes  67.6 Mbits/sec                  
[  5] 189.00-189.50 sec  3.93 MBytes  66.1 Mbits/sec                  
[  5] 189.50-190.00 sec  3.60 MBytes  60.5 Mbits/sec                  
[  5] 190.00-190.50 sec  3.54 MBytes  59.3 Mbits/sec                  
[  5] 190.50-191.00 sec  4.08 MBytes  68.5 Mbits/sec                  
[  5] 191.00-191.50 sec  4.04 MBytes  67.9 Mbits/sec                  
[  5] 191.50-192.00 sec  3.67 MBytes  61.5 Mbits/sec                  
[  5] 192.00-192.50 sec  3.16 MBytes  53.0 Mbits/sec                  
[  5] 192.50-193.00 sec  3.24 MBytes  54.4 Mbits/sec                  
[  5] 193.00-193.50 sec  3.06 MBytes  51.2 Mbits/sec                  
[  5] 193.50-194.00 sec  3.15 MBytes  52.9 Mbits/sec                  
[  5] 194.00-194.50 sec  3.59 MBytes  60.1 Mbits/sec                  
[  5] 194.50-195.00 sec  3.56 MBytes  59.8 Mbits/sec                  
[  5] 195.00-195.50 sec  3.44 MBytes  57.8 Mbits/sec                  
[  5] 195.50-196.00 sec  3.12 MBytes  52.4 Mbits/sec                  
[  5] 196.00-196.50 sec  4.22 MBytes  70.7 Mbits/sec                  
[  5] 196.50-197.00 sec  3.99 MBytes  67.0 Mbits/sec                  
[  5] 197.00-197.50 sec  4.15 MBytes  69.6 Mbits/sec                  
[  5] 197.50-198.00 sec  4.30 MBytes  72.3 Mbits/sec                  
[  5] 198.00-198.50 sec  3.76 MBytes  63.0 Mbits/sec                  
[  5] 198.50-199.00 sec  4.15 MBytes  69.7 Mbits/sec                  
[  5] 199.00-199.50 sec  3.58 MBytes  59.9 Mbits/sec                  
[  5] 199.50-200.00 sec  4.19 MBytes  70.4 Mbits/sec                  
[  5] 200.00-200.50 sec  4.36 MBytes  73.1 Mbits/sec                  
[  5] 200.50-201.00 sec  3.90 MBytes  65.5 Mbits/sec                  
[  5] 201.00-201.50 sec  3.61 MBytes  60.7 Mbits/sec                  
[  5] 201.50-202.00 sec  3.60 MBytes  60.4 Mbits/sec                  
[  5] 202.00-202.50 sec  4.03 MBytes  67.4 Mbits/sec                  
[  5] 202.50-203.00 sec  3.99 MBytes  67.0 Mbits/sec                  
[  5] 203.00-203.50 sec  4.22 MBytes  70.8 Mbits/sec                  
[  5] 203.50-204.00 sec  3.98 MBytes  66.8 Mbits/sec                  
[  5] 204.00-204.50 sec  3.81 MBytes  64.0 Mbits/sec                  
[  5] 204.50-205.00 sec  3.39 MBytes  56.9 Mbits/sec                  
[  5] 205.00-205.50 sec  3.81 MBytes  63.9 Mbits/sec                  
[  5] 205.50-206.00 sec  3.41 MBytes  57.3 Mbits/sec                  
[  5] 206.00-206.50 sec  3.60 MBytes  60.5 Mbits/sec                  
[  5] 206.50-207.00 sec  4.30 MBytes  72.2 Mbits/sec                  
[  5] 207.00-207.50 sec  4.06 MBytes  68.1 Mbits/sec                  
[  5] 207.50-208.00 sec  4.02 MBytes  67.4 Mbits/sec                  
[  5] 208.00-208.50 sec  3.48 MBytes  58.3 Mbits/sec                  
[  5] 208.50-209.00 sec  3.76 MBytes  63.0 Mbits/sec                  
[  5] 209.00-209.50 sec  4.00 MBytes  67.1 Mbits/sec                  
[  5] 209.50-210.00 sec  3.80 MBytes  63.9 Mbits/sec                  
[  5] 210.00-210.50 sec  4.24 MBytes  71.0 Mbits/sec                  
[  5] 210.50-211.00 sec  3.71 MBytes  62.2 Mbits/sec                  
[  5] 211.00-211.50 sec  3.43 MBytes  57.5 Mbits/sec                  
[  5] 211.50-212.00 sec  3.69 MBytes  61.9 Mbits/sec                  
[  5] 212.00-212.50 sec  3.95 MBytes  66.2 Mbits/sec                  
[  5] 212.50-213.00 sec  3.69 MBytes  61.9 Mbits/sec                  
[  5] 213.00-213.50 sec  3.66 MBytes  61.3 Mbits/sec                  
[  5] 213.50-214.00 sec  4.00 MBytes  67.2 Mbits/sec                  
[  5] 214.00-214.50 sec  3.52 MBytes  59.0 Mbits/sec                  
[  5] 214.50-215.00 sec  3.81 MBytes  64.0 Mbits/sec                  
[  5] 215.00-215.50 sec  3.98 MBytes  66.8 Mbits/sec                  
[  5] 215.50-216.00 sec  3.99 MBytes  67.0 Mbits/sec                  
[  5] 216.00-216.50 sec  4.27 MBytes  71.6 Mbits/sec                  
[  5] 216.50-217.00 sec  4.37 MBytes  73.2 Mbits/sec                  
[  5] 217.00-217.50 sec  3.92 MBytes  65.7 Mbits/sec                  
[  5] 217.50-218.00 sec  3.82 MBytes  64.1 Mbits/sec                  
[  5] 218.00-218.50 sec  3.87 MBytes  64.8 Mbits/sec                  
[  5] 218.50-219.00 sec  3.58 MBytes  60.2 Mbits/sec                  
[  5] 219.00-219.50 sec  4.60 MBytes  77.1 Mbits/sec                  
[  5] 219.50-220.00 sec  3.68 MBytes  61.9 Mbits/sec                  
[  5] 220.00-220.50 sec  3.79 MBytes  63.4 Mbits/sec                  
[  5] 220.50-221.00 sec  4.07 MBytes  68.4 Mbits/sec                  
[  5] 221.00-221.50 sec  3.97 MBytes  66.3 Mbits/sec                  
[  5] 221.50-222.00 sec  3.60 MBytes  60.5 Mbits/sec                  
[  5] 222.00-222.50 sec  4.19 MBytes  70.4 Mbits/sec                  
[  5] 222.50-223.00 sec  4.29 MBytes  71.7 Mbits/sec                  
[  5] 223.00-223.50 sec  3.81 MBytes  64.0 Mbits/sec                  
[  5] 223.50-224.00 sec  3.20 MBytes  53.7 Mbits/sec                  
[  5] 224.00-224.50 sec  3.76 MBytes  63.2 Mbits/sec                  
[  5] 224.50-225.00 sec  3.81 MBytes  63.8 Mbits/sec                  
[  5] 225.00-225.50 sec  4.48 MBytes  75.3 Mbits/sec                  
[  5] 225.50-226.00 sec  3.52 MBytes  59.1 Mbits/sec                  
[  5] 226.00-226.50 sec  4.11 MBytes  68.8 Mbits/sec                  
[  5] 226.50-227.00 sec  4.14 MBytes  69.6 Mbits/sec                  
[  5] 227.00-227.50 sec  3.78 MBytes  63.3 Mbits/sec                  
[  5] 227.50-228.00 sec  4.07 MBytes  68.3 Mbits/sec                  
[  5] 228.00-228.50 sec  4.41 MBytes  74.0 Mbits/sec                  
[  5] 228.50-229.00 sec  4.14 MBytes  69.4 Mbits/sec                  
[  5] 229.00-229.50 sec  4.11 MBytes  69.0 Mbits/sec                  
[  5] 229.50-230.00 sec  4.08 MBytes  68.5 Mbits/sec                  
[  5] 230.00-230.50 sec  3.93 MBytes  65.9 Mbits/sec                  
[  5] 230.50-231.00 sec  4.02 MBytes  67.4 Mbits/sec                  
[  5] 231.00-231.50 sec  3.73 MBytes  62.6 Mbits/sec                  
[  5] 231.50-232.00 sec  4.07 MBytes  68.3 Mbits/sec                  
[  5] 232.00-232.50 sec  4.18 MBytes  70.1 Mbits/sec                  
[  5] 232.50-233.00 sec  3.99 MBytes  66.9 Mbits/sec                  
[  5] 233.00-233.50 sec  3.63 MBytes  60.9 Mbits/sec                  
[  5] 233.50-234.00 sec  4.08 MBytes  68.4 Mbits/sec                  
[  5] 234.00-234.50 sec  4.41 MBytes  74.1 Mbits/sec                  
[  5] 234.50-235.00 sec  3.86 MBytes  64.8 Mbits/sec                  
[  5] 235.00-235.50 sec  3.52 MBytes  59.1 Mbits/sec                  
[  5] 235.50-236.00 sec  3.69 MBytes  61.9 Mbits/sec                  
[  5] 236.00-236.50 sec  4.05 MBytes  67.8 Mbits/sec                  
[  5] 236.50-237.00 sec  4.07 MBytes  68.3 Mbits/sec                  
[  5] 237.00-237.50 sec  4.11 MBytes  69.0 Mbits/sec                  
[  5] 237.50-238.00 sec  4.14 MBytes  69.5 Mbits/sec                  
[  5] 238.00-238.50 sec  3.25 MBytes  54.5 Mbits/sec                  
[  5] 238.50-239.00 sec  3.70 MBytes  62.1 Mbits/sec                  
[  5] 239.00-239.50 sec  3.67 MBytes  61.6 Mbits/sec                  
[  5] 239.50-240.00 sec  3.72 MBytes  62.3 Mbits/sec                  
[  5] 240.00-240.50 sec  3.79 MBytes  63.5 Mbits/sec                  
[  5] 240.50-241.00 sec  3.72 MBytes  62.5 Mbits/sec                  
[  5] 241.00-241.50 sec  4.06 MBytes  68.2 Mbits/sec                  
[  5] 241.50-242.00 sec  3.76 MBytes  63.0 Mbits/sec                  
[  5] 242.00-242.50 sec  3.54 MBytes  59.4 Mbits/sec                  
[  5] 242.50-243.00 sec  3.58 MBytes  60.2 Mbits/sec                  
[  5] 243.00-243.50 sec  3.54 MBytes  59.3 Mbits/sec                  
[  5] 243.50-244.00 sec  3.71 MBytes  62.3 Mbits/sec                  
[  5] 244.00-244.50 sec  3.38 MBytes  56.6 Mbits/sec                  
[  5] 244.50-245.00 sec  3.47 MBytes  58.3 Mbits/sec                  
[  5] 245.00-245.50 sec  4.15 MBytes  69.7 Mbits/sec                  
[  5] 245.50-246.00 sec  3.88 MBytes  65.1 Mbits/sec                  
[  5] 246.00-246.50 sec  4.08 MBytes  68.5 Mbits/sec                  
[  5] 246.50-247.00 sec  3.93 MBytes  65.7 Mbits/sec                  
[  5] 247.00-247.50 sec  4.13 MBytes  69.5 Mbits/sec                  
[  5] 247.50-248.00 sec  4.09 MBytes  68.7 Mbits/sec                  
[  5] 248.00-248.50 sec  4.28 MBytes  71.6 Mbits/sec                  
[  5] 248.50-249.00 sec  4.49 MBytes  75.5 Mbits/sec                  
[  5] 249.00-249.50 sec  4.12 MBytes  69.2 Mbits/sec                  
[  5] 249.50-250.00 sec  4.14 MBytes  69.4 Mbits/sec                  
[  5] 250.00-250.50 sec  4.57 MBytes  76.6 Mbits/sec                  
[  5] 250.50-251.00 sec  4.32 MBytes  72.4 Mbits/sec                  
[  5] 251.00-251.50 sec  4.32 MBytes  72.4 Mbits/sec                  
[  5] 251.50-252.00 sec  4.18 MBytes  70.1 Mbits/sec                  
[  5] 252.00-252.50 sec  4.38 MBytes  73.4 Mbits/sec                  
[  5] 252.50-253.00 sec  4.40 MBytes  74.0 Mbits/sec                  
[  5] 253.00-253.50 sec  3.48 MBytes  58.4 Mbits/sec                  
[  5] 253.50-254.00 sec  3.39 MBytes  56.8 Mbits/sec                  
[  5] 254.00-254.50 sec  3.72 MBytes  62.4 Mbits/sec                  
[  5] 254.50-255.00 sec  3.96 MBytes  66.4 Mbits/sec                  
[  5] 255.00-255.50 sec  4.33 MBytes  72.7 Mbits/sec                  
[  5] 255.50-256.00 sec  3.83 MBytes  64.3 Mbits/sec                  
[  5] 256.00-256.50 sec  3.87 MBytes  64.9 Mbits/sec                  
[  5] 256.50-257.00 sec  3.89 MBytes  65.3 Mbits/sec                  
[  5] 257.00-257.50 sec  3.97 MBytes  66.4 Mbits/sec                  
[  5] 257.50-258.00 sec  3.81 MBytes  64.0 Mbits/sec                  
[  5] 258.00-258.50 sec  3.65 MBytes  61.4 Mbits/sec                  
[  5] 258.50-259.00 sec  3.78 MBytes  63.5 Mbits/sec                  
[  5] 259.00-259.50 sec  4.10 MBytes  68.8 Mbits/sec                  
[  5] 259.50-260.00 sec  3.58 MBytes  60.0 Mbits/sec                  
[  5] 260.00-260.50 sec  3.76 MBytes  63.1 Mbits/sec                  
[  5] 260.50-261.00 sec  3.98 MBytes  66.8 Mbits/sec                  
[  5] 261.00-261.50 sec  4.01 MBytes  67.4 Mbits/sec                  
[  5] 261.50-262.00 sec  3.34 MBytes  55.9 Mbits/sec                  
[  5] 262.00-262.50 sec  2.83 MBytes  47.6 Mbits/sec                  
[  5] 262.50-263.00 sec  2.77 MBytes  46.4 Mbits/sec                  
[  5] 263.00-263.50 sec  3.10 MBytes  52.0 Mbits/sec                  
[  5] 263.50-264.00 sec  2.57 MBytes  43.0 Mbits/sec                  
[  5] 264.00-264.50 sec  2.78 MBytes  46.7 Mbits/sec                  
[  5] 264.50-265.00 sec  2.88 MBytes  48.3 Mbits/sec                  
[  5] 265.00-265.50 sec  3.59 MBytes  60.4 Mbits/sec                  
[  5] 265.50-266.00 sec  2.43 MBytes  40.8 Mbits/sec                  
[  5] 266.00-266.50 sec  2.65 MBytes  44.5 Mbits/sec                  
[  5] 266.50-267.00 sec  2.52 MBytes  42.2 Mbits/sec                  
[  5] 267.00-267.50 sec  3.02 MBytes  50.6 Mbits/sec                  
[  5] 267.50-268.00 sec  2.89 MBytes  48.5 Mbits/sec                  
[  5] 268.00-268.50 sec  2.52 MBytes  42.2 Mbits/sec                  
[  5] 268.50-269.00 sec  2.54 MBytes  42.6 Mbits/sec                  
[  5] 269.00-269.50 sec  2.77 MBytes  46.4 Mbits/sec                  
[  5] 269.50-270.00 sec  2.82 MBytes  47.3 Mbits/sec                  
[  5] 270.00-270.50 sec  2.81 MBytes  47.2 Mbits/sec                  
[  5] 270.50-271.00 sec  2.86 MBytes  47.9 Mbits/sec                  
[  5] 271.00-271.50 sec  2.90 MBytes  48.7 Mbits/sec                  
[  5] 271.50-272.00 sec  3.25 MBytes  54.4 Mbits/sec                  
[  5] 272.00-272.50 sec  3.39 MBytes  56.9 Mbits/sec                  
[  5] 272.50-273.00 sec  3.66 MBytes  61.4 Mbits/sec                  
[  5] 273.00-273.50 sec  3.67 MBytes  61.6 Mbits/sec                  
[  5] 273.50-274.00 sec  4.21 MBytes  70.6 Mbits/sec                  
[  5] 274.00-274.50 sec  4.39 MBytes  73.6 Mbits/sec                  
[  5] 274.50-275.00 sec  3.97 MBytes  66.6 Mbits/sec                  
[  5] 275.00-275.50 sec  4.46 MBytes  74.8 Mbits/sec                  
[  5] 275.50-276.00 sec  4.38 MBytes  73.5 Mbits/sec                  
[  5] 276.00-276.50 sec  3.86 MBytes  64.6 Mbits/sec                  
[  5] 276.50-277.00 sec  3.58 MBytes  60.2 Mbits/sec                  
[  5] 277.00-277.50 sec  3.99 MBytes  66.8 Mbits/sec                  
[  5] 277.50-278.00 sec  3.90 MBytes  65.6 Mbits/sec                  
[  5] 278.00-278.50 sec  3.81 MBytes  63.9 Mbits/sec                  
[  5] 278.50-279.00 sec  3.60 MBytes  60.4 Mbits/sec                  
[  5] 279.00-279.50 sec  4.24 MBytes  70.9 Mbits/sec                  
[  5] 279.50-280.00 sec  4.27 MBytes  71.7 Mbits/sec                  
[  5] 280.00-280.50 sec  4.60 MBytes  77.1 Mbits/sec                  
[  5] 280.50-281.00 sec  4.35 MBytes  72.9 Mbits/sec                  
[  5] 281.00-281.50 sec  4.12 MBytes  69.2 Mbits/sec                  
[  5] 281.50-282.00 sec  4.36 MBytes  73.1 Mbits/sec                  
[  5] 282.00-282.50 sec  3.89 MBytes  65.3 Mbits/sec                  
[  5] 282.50-283.00 sec  3.78 MBytes  63.4 Mbits/sec                  
[  5] 283.00-283.50 sec  4.31 MBytes  72.4 Mbits/sec                  
[  5] 283.50-284.00 sec  3.96 MBytes  66.4 Mbits/sec                  
[  5] 284.00-284.50 sec  4.32 MBytes  72.4 Mbits/sec                  
[  5] 284.50-285.00 sec  4.27 MBytes  71.7 Mbits/sec                  
[  5] 285.00-285.50 sec  4.18 MBytes  70.2 Mbits/sec                  
[  5] 285.50-286.00 sec  3.55 MBytes  59.6 Mbits/sec                  
[  5] 286.00-286.50 sec  3.66 MBytes  61.3 Mbits/sec                  
[  5] 286.50-287.00 sec  3.83 MBytes  64.3 Mbits/sec                  
[  5] 287.00-287.50 sec  3.54 MBytes  59.4 Mbits/sec                  
[  5] 287.50-288.00 sec  3.57 MBytes  59.9 Mbits/sec                  
[  5] 288.00-288.50 sec  4.07 MBytes  68.3 Mbits/sec                  
[  5] 288.50-289.00 sec  3.68 MBytes  61.8 Mbits/sec                  
[  5] 289.00-289.50 sec  3.79 MBytes  63.5 Mbits/sec                  
[  5] 289.50-290.00 sec  3.67 MBytes  61.5 Mbits/sec                  
[  5] 290.00-290.50 sec  3.60 MBytes  60.4 Mbits/sec                  
[  5] 290.50-291.00 sec  4.13 MBytes  69.3 Mbits/sec                  
[  5] 291.00-291.50 sec  4.03 MBytes  67.6 Mbits/sec                  
[  5] 291.50-292.00 sec  3.97 MBytes  66.6 Mbits/sec                  
[  5] 292.00-292.50 sec  4.01 MBytes  67.3 Mbits/sec                  
[  5] 292.50-293.00 sec  3.34 MBytes  56.0 Mbits/sec                  
[  5] 293.00-293.50 sec  4.12 MBytes  69.2 Mbits/sec                  
[  5] 293.50-294.00 sec  3.02 MBytes  50.5 Mbits/sec                  
[  5] 294.00-294.50 sec  3.54 MBytes  59.5 Mbits/sec                  
[  5] 294.50-295.00 sec  4.14 MBytes  69.6 Mbits/sec                  
[  5] 295.00-295.50 sec  4.05 MBytes  67.9 Mbits/sec                  
[  5] 295.50-296.00 sec  4.17 MBytes  69.9 Mbits/sec                  
[  5] 296.00-296.50 sec  4.46 MBytes  75.0 Mbits/sec                  
[  5] 296.50-297.00 sec  3.55 MBytes  59.3 Mbits/sec                  
[  5] 297.00-297.50 sec  3.64 MBytes  61.1 Mbits/sec                  
[  5] 297.50-298.00 sec  3.78 MBytes  63.5 Mbits/sec                  
[  5] 298.00-298.50 sec  3.92 MBytes  65.8 Mbits/sec                  
[  5] 298.50-299.00 sec  4.11 MBytes  69.1 Mbits/sec                  
[  5] 299.00-299.50 sec  3.86 MBytes  64.7 Mbits/sec                  
[  5] 299.50-300.00 sec  3.99 MBytes  67.1 Mbits/sec                  
- - - - - - - - - - - - - - - - - - - - - - - - -
[ ID] Interval           Transfer     Bandwidth
[  5]   0.00-300.00 sec  2.28 GBytes  65.4 Mbits/sec                  sender
[  5]   0.00-300.00 sec  2.28 GBytes  65.4 Mbits/sec                  receiver

iperf Done.
