Connecting to host 192.168.1.2, port 5201
[  5] local 192.168.1.10 port 50197 connected to 192.168.1.2 port 5201
[ ID] Interval           Transfer     Bandwidth
[  5]   0.00-0.51   sec  1.23 MBytes  20.2 Mbits/sec                  
[  5]   0.51-1.01   sec  1.05 MBytes  17.5 Mbits/sec                  
[  5]   1.01-1.50   sec  1.42 MBytes  24.2 Mbits/sec                  
[  5]   1.50-2.01   sec  1.23 MBytes  20.4 Mbits/sec                  
[  5]   2.01-2.51   sec  1.17 MBytes  19.5 Mbits/sec                  
[  5]   2.51-3.01   sec  1.11 MBytes  18.6 Mbits/sec                  
[  5]   3.01-3.50   sec  1.11 MBytes  18.9 Mbits/sec                  
[  5]   3.50-4.00   sec  1.23 MBytes  20.6 Mbits/sec                  
[  5]   4.00-4.50   sec  1.11 MBytes  18.7 Mbits/sec                  
[  5]   4.50-5.01   sec  1.11 MBytes  18.5 Mbits/sec                  
[  5]   5.01-5.50   sec  1.11 MBytes  18.7 Mbits/sec                  
[  5]   5.50-6.01   sec  1.11 MBytes  18.5 Mbits/sec                  
[  5]   6.01-6.51   sec  1.17 MBytes  19.6 Mbits/sec                  
[  5]   6.51-7.01   sec  1.23 MBytes  20.6 Mbits/sec                  
[  5]   7.01-7.50   sec  1.17 MBytes  19.7 Mbits/sec                  
[  5]   7.50-8.01   sec  1.23 MBytes  20.6 Mbits/sec                  
[  5]   8.01-8.51   sec  1.23 MBytes  20.5 Mbits/sec                  
[  5]   8.51-9.00   sec  1.11 MBytes  18.9 Mbits/sec                  
[  5]   9.00-9.50   sec  1.05 MBytes  17.6 Mbits/sec                  
[  5]   9.50-10.00  sec  1.23 MBytes  20.6 Mbits/sec                  
- - - - - - - - - - - - - - - - - - - - - - - - -
[ ID] Interval           Transfer     Bandwidth
[  5]   0.00-10.00  sec  23.4 MBytes  19.6 Mbits/sec                  sender
[  5]   0.00-10.00  sec  23.3 MBytes  19.6 Mbits/sec                  receiver

iperf Done.
