Connecting to host 192.168.127.114, port 5201
[  5] local 192.168.127.101 port 54429 connected to 192.168.127.114 port 5201
[ ID] Interval           Transfer     Bandwidth
[  5]   0.00-0.51   sec  1.00 MBytes  16.3 Mbits/sec                  
[  5]   0.51-1.00   sec  1.12 MBytes  19.4 Mbits/sec                  
[  5]   1.00-1.50   sec   512 KBytes  8.37 Mbits/sec                  
[  5]   1.50-2.01   sec   256 KBytes  4.10 Mbits/sec                  
[  5]   2.01-2.51   sec   256 KBytes  4.20 Mbits/sec                  
[  5]   2.51-3.00   sec   384 KBytes  6.41 Mbits/sec                  
[  5]   3.00-3.51   sec   256 KBytes  4.12 Mbits/sec                  
[  5]   3.51-4.01   sec   128 KBytes  2.10 Mbits/sec                  
[  5]   4.01-4.50   sec   256 KBytes  4.30 Mbits/sec                  
[  5]   4.50-5.01   sec  0.00 Bytes  0.00 bits/sec                  
[  5]   5.01-5.51   sec   128 KBytes  2.10 Mbits/sec                  
[  5]   5.51-6.01   sec   128 KBytes  2.10 Mbits/sec                  
[  5]   6.01-6.51   sec  0.00 Bytes  0.00 bits/sec                  
[  5]   6.51-7.01   sec   256 KBytes  4.20 Mbits/sec                  
[  5]   7.01-7.51   sec   128 KBytes  2.10 Mbits/sec                  
[  5]   7.51-8.01   sec   128 KBytes  2.10 Mbits/sec                  
[  5]   8.01-8.51   sec   128 KBytes  2.10 Mbits/sec                  
[  5]   8.51-9.01   sec   128 KBytes  2.10 Mbits/sec                  
[  5]   9.01-9.51   sec   128 KBytes  2.10 Mbits/sec                  
[  5]   9.51-10.00  sec   256 KBytes  4.29 Mbits/sec                  
- - - - - - - - - - - - - - - - - - - - - - - - -
[ ID] Interval           Transfer     Bandwidth
[  5]   0.00-10.00  sec  5.50 MBytes  4.61 Mbits/sec                  sender
[  5]   0.00-10.00  sec  5.30 MBytes  4.45 Mbits/sec                  receiver

iperf Done.
